<<<<<<< Updated upstream
2022-09-28 10:23:52,365 [INFO] Activator:177 - 


2022-09-28 10:23:52,366 [INFO] Activator:178 - !SESSION log4j initialized
2022-09-28 10:24:55,160 [INFO] Activator:177 - 


2022-09-28 10:24:55,161 [INFO] Activator:178 - !SESSION log4j initialized
=======
2022-09-28 10:28:34,932 [INFO] Activator:177 - 


2022-09-28 10:28:34,934 [INFO] Activator:178 - !SESSION log4j initialized
>>>>>>> Stashed changes
2022-09-28 10:42:19,782 [INFO] Activator:177 - 


2022-09-28 10:42:19,783 [INFO] Activator:178 - !SESSION log4j initialized
2022-09-28 10:42:47,382 [INFO] Activator:177 - 


2022-09-28 10:42:47,383 [INFO] Activator:178 - !SESSION log4j initialized
2022-09-28 10:43:12,045 [INFO] Activator:177 - 


2022-09-28 10:43:12,047 [INFO] Activator:178 - !SESSION log4j initialized
2022-09-28 10:46:53,446 [INFO] Activator:177 - 


2022-09-28 10:46:53,447 [INFO] Activator:178 - !SESSION log4j initialized
2022-09-28 10:57:20,892 [INFO] Activator:177 - 


2022-09-28 10:57:20,894 [INFO] Activator:178 - !SESSION log4j initialized
2022-10-03 21:16:07,404 [INFO] Activator:177 - 


2022-10-03 21:16:07,404 [INFO] Activator:178 - !SESSION log4j initialized
